[20:24:09 - main] [Cooja.java:3178] [WARN] - JAVA_HOME environment variable not set, Cooja motes may not compile
[20:24:09 - AWT-EventQueue-0] [Cooja.java:2862] [INFO] - External tools default settings: /external_tools_linux_64.config
[20:24:09 - AWT-EventQueue-0] [Cooja.java:2892] [INFO] - External tools user settings: /home/omid/.cooja.user.properties
[20:24:17 - Thread-0] [Simulation.java:422] [INFO] - Simulation random seed: 123456
[20:24:17 - Thread-0] [CompileContiki.java:140] [INFO] - > make udp-server.z1 TARGET=z1 
[20:24:17 - Thread-0] [CompileContiki.java:140] [INFO] - > make udp-client.z1 TARGET=z1 
[20:24:18 - Thread-0] [MspMote.java:235] [INFO] - Loading firmware from: /home/omid/contiki-gt/examples/6tisch/orchestra/udp-server.z1
[20:24:18 - Thread-0] [MspMote.java:235] [INFO] - Loading firmware from: /home/omid/contiki-gt/examples/6tisch/orchestra/udp-client.z1
[20:24:18 - Thread-0] [MspMote.java:235] [INFO] - Loading firmware from: /home/omid/contiki-gt/examples/6tisch/orchestra/udp-client.z1
[20:24:18 - Thread-0] [MspMote.java:235] [INFO] - Loading firmware from: /home/omid/contiki-gt/examples/6tisch/orchestra/udp-client.z1
[20:24:18 - Thread-0] [MspMote.java:235] [INFO] - Loading firmware from: /home/omid/contiki-gt/examples/6tisch/orchestra/udp-client.z1
[20:24:18 - Thread-0] [MspMote.java:235] [INFO] - Loading firmware from: /home/omid/contiki-gt/examples/6tisch/orchestra/udp-client.z1
[20:24:19 - Thread-0] [MspMote.java:235] [INFO] - Loading firmware from: /home/omid/contiki-gt/examples/6tisch/orchestra/udp-client.z1
[20:24:19 - Thread-0] [Visualizer.java:256] [INFO] - Registered external visualizer: org.contikios.cooja.plugins.skins.DGRMVisualizerSkin
[20:24:54 - Thread-1] [Simulation.java:422] [INFO] - Simulation random seed: 123456
[20:24:54 - Thread-1] [CompileContiki.java:140] [INFO] - > make udp-server.z1 TARGET=z1 
[20:24:58 - Thread-1] [CompileContiki.java:140] [INFO] - > make udp-client.z1 TARGET=z1 
[20:24:58 - Thread-1] [MspMote.java:235] [INFO] - Loading firmware from: /home/omid/contiki-gt/examples/6tisch/orchestra/udp-server.z1
[20:24:58 - Thread-1] [MspMote.java:235] [INFO] - Loading firmware from: /home/omid/contiki-gt/examples/6tisch/orchestra/udp-client.z1
[20:24:59 - Thread-1] [MspMote.java:235] [INFO] - Loading firmware from: /home/omid/contiki-gt/examples/6tisch/orchestra/udp-client.z1
[20:24:59 - Thread-1] [MspMote.java:235] [INFO] - Loading firmware from: /home/omid/contiki-gt/examples/6tisch/orchestra/udp-client.z1
[20:24:59 - Thread-1] [MspMote.java:235] [INFO] - Loading firmware from: /home/omid/contiki-gt/examples/6tisch/orchestra/udp-client.z1
[20:24:59 - Thread-1] [MspMote.java:235] [INFO] - Loading firmware from: /home/omid/contiki-gt/examples/6tisch/orchestra/udp-client.z1
[20:24:59 - Thread-1] [MspMote.java:235] [INFO] - Loading firmware from: /home/omid/contiki-gt/examples/6tisch/orchestra/udp-client.z1
[20:25:00 - Thread-2] [Simulation.java:253] [INFO] - Simulation main loop started, system time: 1660904700445
[20:30:07 - Thread-2] [Simulation.java:312] [INFO] - Simulation main loop stopped, system time: 1660905007082	Duration: 306637 ms	Simulated time 1295195 ms	Ratio 4.223870570087758
